-------------------------------------------------------------------------------
Test set: com.api.rest.api.restassuredhelper.TestPostMethod
-------------------------------------------------------------------------------
Tests run: 4, Failures: 1, Errors: 0, Skipped: 0, Time elapsed: 0.234 s <<< FAILURE! - in com.api.rest.api.restassuredhelper.TestPostMethod
testPostwithDeserialization(com.api.rest.api.restassuredhelper.TestPostMethod)  Time elapsed: 0.15 s  <<< FAILURE!
java.lang.AssertionError
	at com.api.rest.api.restassuredhelper.TestPostMethod.testPostwithDeserialization(TestPostMethod.java:175)

