<?xml version="1.0" encoding="UTF-8"?>
<testsuite xmlns:xsi="http://www.w3.org/2001/XMLSchema-instance" xsi:noNamespaceSchemaLocation="https://maven.apache.org/surefire/maven-surefire-plugin/xsd/surefire-test-report.xsd" name="com.api.rest.api.helper.TestDeleteAndPutWithSSL" time="2.074" tests="1" errors="1" skipped="0" failures="0">
  <properties>
[...]
</properties>
  <testcase name="testDeleteAndPut" classname="com.api.rest.api.helper.TestDeleteAndPutWithSSL" time="2.073">
    <error message="Connect to localhost:8443 [localhost/127.0.0.1, localhost/0:0:0:0:0:0:0:1] failed: Connection refused: connect" type="java.lang.RuntimeException">java.lang.RuntimeException: Connect to localhost:8443 [localhost/127.0.0.1, localhost/0:0:0:0:0:0:0:1] failed: Connection refused: connect
	at com.api.rest.api.helper.TestDeleteAndPutWithSSL.testDeleteAndPut(TestDeleteAndPutWithSSL.java:57)
Caused by: org.apache.http.conn.HttpHostConnectException: Connect to localhost:8443 [localhost/127.0.0.1, localhost/0:0:0:0:0:0:0:1] failed: Connection refused: connect
	at com.api.rest.api.helper.TestDeleteAndPutWithSSL.testDeleteAndPut(TestDeleteAndPutWithSSL.java:57)
Caused by: java.net.ConnectException: Connection refused: connect
	at com.api.rest.api.helper.TestDeleteAndPutWithSSL.testDeleteAndPut(TestDeleteAndPutWithSSL.java:57)
</error>
  </testcase>
</testsuite>