<?xml version="1.0" encoding="UTF-8"?>
<testng-results skipped="0" failed="0" ignored="0" total="1" passed="1">
  <reporter-output>
  </reporter-output>
  <suite name="Default suite" duration-ms="1775" started-at="2020-09-04T16:53:48Z" finished-at="2020-09-04T16:53:50Z">
    <groups>
    </groups>
    <test name="Default test" duration-ms="1775" started-at="2020-09-04T16:53:48Z" finished-at="2020-09-04T16:53:50Z">
      <class name="com.api.rest.api.questions.TestMockGetRequest">
        <test-method status="PASS" signature="setup()[pri:0, instance:com.api.rest.api.questions.TestMockGetRequest@6a4f1a55]" name="setup" is-config="true" duration-ms="585" started-at="2020-09-04T09:53:48Z" finished-at="2020-09-04T09:53:49Z">
          <reporter-output>
          </reporter-output>
        </test-method> <!-- setup -->
        <test-method status="PASS" signature="mockGetRequest()[pri:0, instance:com.api.rest.api.questions.TestMockGetRequest@6a4f1a55]" name="mockGetRequest" duration-ms="1163" started-at="2020-09-04T09:53:49Z" finished-at="2020-09-04T09:53:50Z">
          <reporter-output>
          </reporter-output>
        </test-method> <!-- mockGetRequest -->
        <test-method status="PASS" signature="stop()[pri:0, instance:com.api.rest.api.questions.TestMockGetRequest@6a4f1a55]" name="stop" is-config="true" duration-ms="3" started-at="2020-09-04T09:53:50Z" finished-at="2020-09-04T09:53:50Z">
          <reporter-output>
          </reporter-output>
        </test-method> <!-- stop -->
      </class> <!-- com.api.rest.api.questions.TestMockGetRequest -->
    </test> <!-- Default test -->
  </suite> <!-- Default suite -->
</testng-results>
